<?xml version="1.0" encoding="UTF-8"?>
<!-- Generated by org.testng.reporters.JUnitReportReporter -->
<testsuite hostname="DESKTOP-U3UA2VB" failures="0" tests="1" name="handlecontrols.InputForm" time="20.519" errors="0" timestamp="2020-08-21T22:14:01 IST" skipped="0">
  <testcase classname="handlecontrols.InputForm" name="submitform" time="20.519"/>
  <system-out/>
</testsuite> <!-- handlecontrols.InputForm -->
