<?xml version="1.0" encoding="UTF-8"?>
<!-- Generated by org.testng.reporters.JUnitReportReporter -->
<testsuite hostname="DESKTOP-U3UA2VB" failures="0" tests="1" name="handlecontrols.Handledropdown" time="9.373" errors="0" timestamp="2020-08-21T20:43:58 IST" skipped="0">
  <testcase classname="handlecontrols.Handledropdown" name="dropdown" time="9.373"/>
  <system-out/>
</testsuite> <!-- handlecontrols.Handledropdown -->
