<?xml version="1.0" encoding="UTF-8"?>
<!-- Generated by org.testng.reporters.JUnitReportReporter -->
<testsuite hostname="DESKTOP-U3UA2VB" failures="0" tests="1" name="handlecontrols.AjaxSubmitForm" time="14.192" errors="0" timestamp="2020-08-21T22:33:50 IST" skipped="0">
  <testcase classname="handlecontrols.AjaxSubmitForm" name="submitform" time="14.192"/>
  <system-out/>
</testsuite> <!-- handlecontrols.AjaxSubmitForm -->
