<?xml version="1.0" encoding="UTF-8"?>
<!-- Generated by org.testng.reporters.JUnitReportReporter -->
<testsuite hostname="DESKTOP-U3UA2VB" failures="0" tests="1" name="demo.Chromeoptions" time="10.653" errors="0" timestamp="2020-08-21T11:05:31 IST" skipped="0">
  <testcase classname="demo.Chromeoptions" name="setupchrome" time="10.653"/>
  <system-out/>
</testsuite> <!-- demo.Chromeoptions -->
