<?xml version="1.0" encoding="UTF-8"?>
<!-- Generated by org.testng.reporters.JUnitReportReporter -->
<testsuite hostname="DESKTOP-U3UA2VB" failures="0" tests="1" name="alerthandling.PromptAlertBox" time="12.422" errors="0" timestamp="2020-08-22T14:30:01 IST" skipped="0">
  <testcase classname="alerthandling.PromptAlertBox" name="promptbox" time="12.422"/>
  <system-out/>
</testsuite> <!-- alerthandling.PromptAlertBox -->
