<?xml version="1.0" encoding="UTF-8"?>
<!-- Generated by org.testng.reporters.JUnitReportReporter -->
<testsuite hostname="DESKTOP-U3UA2VB" failures="0" tests="1" name="fileuploadanddownload.JqueryDownloadProgressbar" time="18.523" errors="0" timestamp="2020-08-22T17:39:38 IST" skipped="0">
  <testcase classname="fileuploadanddownload.JqueryDownloadProgressbar" name="jqueryloader" time="18.523"/>
  <system-out/>
</testsuite> <!-- fileuploadanddownload.JqueryDownloadProgressbar -->
