<?xml version="1.0" encoding="UTF-8"?>
<!-- Generated by org.testng.reporters.JUnitReportReporter -->
<testsuite hostname="DESKTOP-U3UA2VB" failures="0" tests="1" name="alerthandling.SliderMethod1" time="26.766" errors="0" timestamp="2020-08-22T15:25:51 IST" skipped="0">
  <testcase classname="alerthandling.SliderMethod1" name="normalslide" time="26.766"/>
  <system-out/>
</testsuite> <!-- alerthandling.SliderMethod1 -->
