<?xml version="1.0" encoding="UTF-8"?>
<!-- Generated by org.testng.reporters.JUnitReportReporter -->
<testsuite hostname="DESKTOP-U3UA2VB" failures="0" tests="1" name="handlecontrols.HandleMultiSelector" time="17.793" errors="0" timestamp="2020-08-21T21:39:04 IST" skipped="0">
  <testcase classname="handlecontrols.HandleMultiSelector" name="multiselect" time="17.793"/>
  <system-out/>
</testsuite> <!-- handlecontrols.HandleMultiSelector -->
