<?xml version="1.0" encoding="UTF-8"?>
<!-- Generated by org.testng.reporters.JUnitReportReporter -->
<testsuite hostname="DESKTOP-U3UA2VB" failures="0" tests="1" name="fileuploadanddownload.ProgressBar" time="26.599" errors="0" timestamp="2020-08-22T17:50:39 IST" skipped="0">
  <testcase classname="fileuploadanddownload.ProgressBar" name="ProgressRecord" time="26.599"/>
  <system-out/>
</testsuite> <!-- fileuploadanddownload.ProgressBar -->
