<?xml version="1.0" encoding="UTF-8"?>
<!-- Generated by org.testng.reporters.JUnitReportReporter -->
<testsuite hostname="DESKTOP-U3UA2VB" failures="0" tests="1" name="demo.Firefoxbrowser" time="12.645" errors="0" timestamp="2020-08-21T09:30:16 IST" skipped="0">
  <testcase classname="demo.Firefoxbrowser" name="setupff" time="12.645"/>
  <system-out/>
</testsuite> <!-- demo.Firefoxbrowser -->
