<?xml version="1.0" encoding="UTF-8"?>
<!-- Generated by org.testng.reporters.JUnitReportReporter -->
<testsuite hostname="DESKTOP-U3UA2VB" failures="0" tests="1" name="fileuploadanddownload.BoostrapLoader" time="33.218" errors="0" timestamp="2020-08-22T18:11:30 IST" skipped="0">
  <testcase classname="fileuploadanddownload.BoostrapLoader" name="loader" time="33.218"/>
  <system-out/>
</testsuite> <!-- fileuploadanddownload.BoostrapLoader -->
