<?xml version="1.0" encoding="UTF-8"?>
<!-- Generated by org.testng.reporters.JUnitReportReporter -->
<testsuite hostname="DESKTOP-U3UA2VB" failures="0" tests="1" name="demo.ChromeBrowser" time="7.946" errors="0" timestamp="2020-08-21T09:31:13 IST" skipped="0">
  <testcase classname="demo.ChromeBrowser" name="chromesetup" time="7.946"/>
  <system-out/>
</testsuite> <!-- demo.ChromeBrowser -->
