<?xml version="1.0" encoding="UTF-8"?>
<!-- Generated by org.testng.reporters.JUnitReportReporter -->
<testsuite hostname="DESKTOP-U3UA2VB" failures="0" tests="1" name="alerthandling.draganddrop" time="9.086" errors="0" timestamp="2020-08-22T14:48:38 IST" skipped="0">
  <testcase classname="alerthandling.draganddrop" name="dragdrop" time="9.086"/>
  <system-out/>
</testsuite> <!-- alerthandling.draganddrop -->
