<?xml version="1.0" encoding="UTF-8"?>
<!-- Generated by org.testng.reporters.JUnitReportReporter -->
<testsuite hostname="DESKTOP-U3UA2VB" failures="0" tests="1" name="alerthandling.AlertHandle" time="12.602" errors="0" timestamp="2020-08-22T14:01:48 IST" skipped="0">
  <testcase classname="alerthandling.AlertHandle" name="alert" time="12.602"/>
  <system-out/>
</testsuite> <!-- alerthandling.AlertHandle -->
