<?xml version="1.0" encoding="UTF-8"?>
<!-- Generated by org.testng.reporters.JUnitReportReporter -->
<testsuite hostname="DESKTOP-U3UA2VB" failures="0" tests="1" name="browserfactory.Chromeoptions" time="11.921" errors="0" timestamp="2020-08-27T16:13:04 IST" skipped="0">
  <testcase classname="browserfactory.Chromeoptions" name="setupchrome" time="11.921"/>
  <system-out/>
</testsuite> <!-- browserfactory.Chromeoptions -->
