<?xml version="1.0" encoding="UTF-8"?>
<!-- Generated by org.testng.reporters.JUnitReportReporter -->
<testsuite hostname="DESKTOP-U3UA2VB" failures="0" tests="1" name="alerthandling.ConfirmationBox" time="14.904" errors="0" timestamp="2020-08-22T14:24:22 IST" skipped="0">
  <testcase classname="alerthandling.ConfirmationBox" name="confirmbox" time="14.904"/>
  <system-out/>
</testsuite> <!-- alerthandling.ConfirmationBox -->
