<?xml version="1.0" encoding="UTF-8"?>
<!-- Generated by org.testng.reporters.JUnitReportReporter -->
<testsuite hostname="DESKTOP-U3UA2VB" failures="0" tests="1" name="handlecontrols.Handleradiobutton" time="10.962" errors="0" timestamp="2020-08-21T13:03:10 IST" skipped="0">
  <testcase classname="handlecontrols.Handleradiobutton" name="radio" time="10.962"/>
  <system-out/>
</testsuite> <!-- handlecontrols.Handleradiobutton -->
