<?xml version="1.0" encoding="UTF-8"?>
<!-- Generated by org.testng.reporters.JUnitReportReporter -->
<testsuite hostname="DESKTOP-U3UA2VB" failures="0" tests="1" name="handlecontrols.Handlecheckbox" time="10.653" errors="0" timestamp="2020-08-21T13:04:10 IST" skipped="0">
  <testcase classname="handlecontrols.Handlecheckbox" name="checkbox" time="10.653"/>
  <system-out/>
</testsuite> <!-- handlecontrols.Handlecheckbox -->
