<?xml version="1.0" encoding="UTF-8"?>
<!-- Generated by org.testng.reporters.JUnitReportReporter -->
<testsuite hostname="DESKTOP-U3UA2VB" failures="0" tests="1" name="alerthandling.SliderMethod2" time="14.690" errors="0" timestamp="2020-08-22T15:24:52 IST" skipped="0">
  <testcase classname="alerthandling.SliderMethod2" name="normalslide2" time="14.690"/>
  <system-out/>
</testsuite> <!-- alerthandling.SliderMethod2 -->
