<?xml version="1.0" encoding="UTF-8"?>
<!-- Generated by org.testng.reporters.JUnitReportReporter -->
<testsuite hostname="DESKTOP-U3UA2VB" failures="0" tests="1" name="fileuploadanddownload.DownloadFile" time="12.018" errors="0" timestamp="2020-08-22T18:45:17 IST" skipped="0">
  <testcase classname="fileuploadanddownload.DownloadFile" name="Download" time="12.018"/>
  <system-out/>
</testsuite> <!-- fileuploadanddownload.DownloadFile -->
