<?xml version="1.0" encoding="UTF-8"?>
<!-- Generated by org.testng.reporters.JUnitReportReporter -->
<testsuite hostname="DESKTOP-U3UA2VB" failures="0" tests="1" name="fileuploadanddownload.SingleFileUpload" time="16.347" errors="0" timestamp="2020-08-22T17:05:10 IST" skipped="0">
  <testcase classname="fileuploadanddownload.SingleFileUpload" name="fileupload" time="16.347"/>
  <system-out/>
</testsuite> <!-- fileuploadanddownload.SingleFileUpload -->
