<?xml version="1.0" encoding="UTF-8"?>
<!-- Generated by org.testng.reporters.JUnitReportReporter -->
<testsuite hostname="DESKTOP-U3UA2VB" failures="0" tests="1" name="demo.edgedriver" time="10.308" errors="0" timestamp="2020-08-21T09:44:04 IST" skipped="0">
  <testcase classname="demo.edgedriver" name="setup" time="10.308"/>
  <system-out/>
</testsuite> <!-- demo.edgedriver -->
