<?xml version="1.0" encoding="UTF-8"?>
<!-- Generated by org.testng.reporters.JUnitReportReporter -->
<testsuite hostname="DESKTOP-U3UA2VB" failures="0" tests="1" name="handlecontrols.RadioButtonHandlingWithList" time="65.716" errors="0" timestamp="2020-08-21T15:32:11 IST" skipped="0">
  <testcase classname="handlecontrols.RadioButtonHandlingWithList" name="radiobutton" time="65.716"/>
  <system-out/>
</testsuite> <!-- handlecontrols.RadioButtonHandlingWithList -->
